<?xml version="1.0" encoding="UTF-8"?>
<testng-results ignored="0" total="1" passed="1" failed="0" skipped="0">
  <reporter-output>
  </reporter-output>
  <suite started-at="2024-03-11T21:08:05 IST" name="Suite" finished-at="2024-03-11T21:08:12 IST" duration-ms="7169">
    <groups>
    </groups>
    <test started-at="2024-03-11T21:08:05 IST" name="Test" finished-at="2024-03-11T21:08:12 IST" duration-ms="7169">
      <class name="test_ng.Parameterization">
        <test-method is-config="true" signature="setup()[pri:0, instance:test_ng.Parameterization@248e319b]" started-at="2024-03-11T21:08:05 IST" name="setup" finished-at="2024-03-11T21:08:09 IST" duration-ms="4493" status="PASS">
          <reporter-output>
          </reporter-output>
        </test-method> <!-- setup -->
        <test-method signature="test(java.lang.String)[pri:0, instance:test_ng.Parameterization@248e319b]" started-at="2024-03-11T21:08:09 IST" name="test" finished-at="2024-03-11T21:08:12 IST" duration-ms="2594" status="PASS">
          <params>
            <param index="0">
              <value>
                <![CDATA[selenium]]>
              </value>
            </param>
          </params>
          <reporter-output>
          </reporter-output>
        </test-method> <!-- test -->
      </class> <!-- test_ng.Parameterization -->
    </test> <!-- Test -->
  </suite> <!-- Suite -->
</testng-results>
